<?xml version="1.0" encoding="UTF-8"?>
<testsuite xmlns:xsi="http://www.w3.org/2001/XMLSchema-instance" xsi:noNamespaceSchemaLocation="https://maven.apache.org/surefire/maven-surefire-plugin/xsd/surefire-test-report.xsd" name="controller.processors.DeckMenuProcessorTest" time="0" tests="4" errors="0" skipped="0" failures="0">
  <properties>
[...]
</properties>
  <testcase name="exitMenu" classname="controller.processors.DeckMenuProcessorTest" time="0"/>
  <testcase name="enterMenuErrorChecker" classname="controller.processors.DeckMenuProcessorTest" time="0"/>
  <testcase name="enterMenu" classname="controller.processors.DeckMenuProcessorTest" time="0"/>
  <testcase name="commandDistributor" classname="controller.processors.DeckMenuProcessorTest" time="0"/>
</testsuite>